Building DAG of jobs...
Using shell: /usr/bin/bash
Provided cluster nodes: 100
Job stats:
job            count    min threads    max threads
-----------  -------  -------------  -------------
all                1              1              1
hello_world        3              1              1
total              4              1              1

Select jobs to execute...

[Fri Apr 21 12:26:20 2023]
rule hello_world:
    output: analysis/hello_world/hello_world_1.txt
    log: logs/hello_world/hello_world_1.o, logs/hello_world/hello_world_1.e
    jobid: 1
    benchmark: benchmarks/hello_world/hello_world_1.txt
    reason: Missing output files: analysis/hello_world/hello_world_1.txt
    wildcards: index=1
    resources: mem_mb=1000, mem_mib=954, disk_mb=1000, disk_mib=954, tmpdir=<TBD>, mem_gb=8


        for i in {1..1}
        do
            echo "Hello world" >> analysis/hello_world/hello_world_1.txt
        done
        
Submitted job 1 with external jobid 'Submitted batch job 17065'.

[Fri Apr 21 12:26:20 2023]
rule hello_world:
    output: analysis/hello_world/hello_world_2.txt
    log: logs/hello_world/hello_world_2.o, logs/hello_world/hello_world_2.e
    jobid: 2
    benchmark: benchmarks/hello_world/hello_world_2.txt
    reason: Missing output files: analysis/hello_world/hello_world_2.txt
    wildcards: index=2
    resources: mem_mb=1000, mem_mib=954, disk_mb=1000, disk_mib=954, tmpdir=<TBD>, mem_gb=8


        for i in {1..2}
        do
            echo "Hello world" >> analysis/hello_world/hello_world_2.txt
        done
        
Submitted job 2 with external jobid 'Submitted batch job 17066'.

[Fri Apr 21 12:26:21 2023]
rule hello_world:
    output: analysis/hello_world/hello_world_3.txt
    log: logs/hello_world/hello_world_3.o, logs/hello_world/hello_world_3.e
    jobid: 3
    benchmark: benchmarks/hello_world/hello_world_3.txt
    reason: Missing output files: analysis/hello_world/hello_world_3.txt
    wildcards: index=3
    resources: mem_mb=1000, mem_mib=954, disk_mb=1000, disk_mib=954, tmpdir=<TBD>, mem_gb=8


        for i in {1..3}
        do
            echo "Hello world" >> analysis/hello_world/hello_world_3.txt
        done
        
Submitted job 3 with external jobid 'Submitted batch job 17067'.
[Fri Apr 21 12:26:30 2023]
Finished job 1.
1 of 4 steps (25%) done
[Fri Apr 21 12:26:30 2023]
Finished job 2.
2 of 4 steps (50%) done
[Fri Apr 21 12:26:30 2023]
Finished job 3.
3 of 4 steps (75%) done
Select jobs to execute...

[Fri Apr 21 12:26:30 2023]
localrule all:
    input: analysis/hello_world/hello_world_1.txt, analysis/hello_world/hello_world_2.txt, analysis/hello_world/hello_world_3.txt
    jobid: 0
    reason: Input files updated by another job: analysis/hello_world/hello_world_1.txt, analysis/hello_world/hello_world_2.txt, analysis/hello_world/hello_world_3.txt
    resources: mem_mb=1000, mem_mib=954, disk_mb=1000, disk_mib=954, tmpdir=/tmp

[Fri Apr 21 12:26:30 2023]
Finished job 0.
4 of 4 steps (100%) done
Complete log: .snakemake/log/2023-04-21T122619.786371.snakemake.log
